h:\programingexe\vs_hd\d3dukh9\debug\d3dukh9.pch
h:\programingexe\vs_hd\d3dukh9\debug\vc141.pdb
h:\programingexe\vs_hd\d3dukh9\debug\vc141.idb
h:\programingexe\vs_hd\d3dukh9\debug\sprite.obj
h:\programingexe\vs_hd\d3dukh9\debug\sound.obj
h:\programingexe\vs_hd\d3dukh9\debug\obj_ground.obj
h:\programingexe\vs_hd\d3dukh9\debug\obj_cube.obj
h:\programingexe\vs_hd\d3dukh9\debug\obj_actor.obj
h:\programingexe\vs_hd\d3dukh9\debug\modelloader.obj
h:\programingexe\vs_hd\d3dukh9\debug\game.obj
h:\programingexe\vs_hd\d3dukh9\debug\figure.obj
h:\programingexe\vs_hd\d3dukh9\debug\d3dukh9.obj
h:\programingexe\vs_hd\d3dukh9\debug\d3dapp.obj
h:\programingexe\vs_hd\d3dukh9\debug\customtimer.obj
h:\programingexe\vs_hd\d3dukh9\debug\camera.obj
h:\programingexe\vs_hd\d3dukh9\debug\axis.obj
h:\programingexe\vs_hd\d3dukh9\debug\stdafx.obj
h:\programingexe\vs_hd\d3dukh9\debug\d3dukh9.res
h:\programingexe\vs_hd\d3dukh9\debug\d3dukh9.pdb
h:\programingexe\vs_hd\d3dukh9\debug\d3dukh9.tlog\cl.command.1.tlog
h:\programingexe\vs_hd\d3dukh9\debug\d3dukh9.tlog\cl.read.1.tlog
h:\programingexe\vs_hd\d3dukh9\debug\d3dukh9.tlog\cl.write.1.tlog
h:\programingexe\vs_hd\d3dukh9\debug\d3dukh9.tlog\link-cvtres.read.1.tlog
h:\programingexe\vs_hd\d3dukh9\debug\d3dukh9.tlog\link-cvtres.write.1.tlog
h:\programingexe\vs_hd\d3dukh9\debug\d3dukh9.tlog\link-rc.read.1.tlog
h:\programingexe\vs_hd\d3dukh9\debug\d3dukh9.tlog\link-rc.write.1.tlog
h:\programingexe\vs_hd\d3dukh9\debug\d3dukh9.tlog\link.15032-cvtres.read.1.tlog
h:\programingexe\vs_hd\d3dukh9\debug\d3dukh9.tlog\link.15032-cvtres.write.1.tlog
h:\programingexe\vs_hd\d3dukh9\debug\d3dukh9.tlog\link.15032-rc.read.1.tlog
h:\programingexe\vs_hd\d3dukh9\debug\d3dukh9.tlog\link.15032-rc.write.1.tlog
h:\programingexe\vs_hd\d3dukh9\debug\d3dukh9.tlog\link.15032.read.1.tlog
h:\programingexe\vs_hd\d3dukh9\debug\d3dukh9.tlog\link.15032.write.1.tlog
h:\programingexe\vs_hd\d3dukh9\debug\d3dukh9.tlog\link.command.1.tlog
h:\programingexe\vs_hd\d3dukh9\debug\d3dukh9.tlog\link.read.1.tlog
h:\programingexe\vs_hd\d3dukh9\debug\d3dukh9.tlog\link.write.1.tlog
h:\programingexe\vs_hd\d3dukh9\debug\d3dukh9.tlog\rc.command.1.tlog
h:\programingexe\vs_hd\d3dukh9\debug\d3dukh9.tlog\rc.read.1.tlog
h:\programingexe\vs_hd\d3dukh9\debug\d3dukh9.tlog\rc.write.1.tlog
